2025-03-19 12:31:45,207 - INFO - Starting training for MCDropout
2025-03-19 12:31:47,919 - INFO - Epoch 1/50 | Train Loss: 99.7395 | Val Loss: 2.6309 | Val Acc: 0.8553 | Val F1: 0.8494 | Val Recall: 0.8553 | Val Precision: 0.8656
2025-03-19 12:31:47,921 - INFO - Validation loss decreased to 2.6309. Saving model...
2025-03-19 12:31:50,557 - INFO - Epoch 2/50 | Train Loss: 44.0760 | Val Loss: 1.6158 | Val Acc: 0.9013 | Val F1: 0.8980 | Val Recall: 0.9013 | Val Precision: 0.9076
2025-03-19 12:31:50,560 - INFO - Validation loss decreased to 1.6158. Saving model...
2025-03-19 12:31:53,179 - INFO - Epoch 3/50 | Train Loss: 33.3827 | Val Loss: 1.3484 | Val Acc: 0.9408 | Val F1: 0.9389 | Val Recall: 0.9408 | Val Precision: 0.9443
2025-03-19 12:31:53,182 - INFO - Validation loss decreased to 1.3484. Saving model...
2025-03-19 12:31:55,883 - INFO - Epoch 4/50 | Train Loss: 29.7843 | Val Loss: 1.1034 | Val Acc: 0.9408 | Val F1: 0.9395 | Val Recall: 0.9408 | Val Precision: 0.9407
2025-03-19 12:31:55,885 - INFO - Validation loss decreased to 1.1034. Saving model...
2025-03-19 12:31:58,654 - INFO - Epoch 5/50 | Train Loss: 25.4623 | Val Loss: 0.9953 | Val Acc: 0.9408 | Val F1: 0.9394 | Val Recall: 0.9408 | Val Precision: 0.9418
2025-03-19 12:31:58,656 - INFO - Validation loss decreased to 0.9953. Saving model...
2025-03-19 12:32:01,364 - INFO - Epoch 6/50 | Train Loss: 21.9151 | Val Loss: 0.9006 | Val Acc: 0.9474 | Val F1: 0.9462 | Val Recall: 0.9474 | Val Precision: 0.9468
2025-03-19 12:32:01,365 - INFO - Validation loss decreased to 0.9006. Saving model...
2025-03-19 12:32:04,145 - INFO - Epoch 7/50 | Train Loss: 21.2212 | Val Loss: 1.0236 | Val Acc: 0.9408 | Val F1: 0.9396 | Val Recall: 0.9408 | Val Precision: 0.9414
2025-03-19 12:32:04,147 - INFO - No improvement for 1 epochs
2025-03-19 12:32:07,623 - INFO - Epoch 8/50 | Train Loss: 17.5999 | Val Loss: 0.9201 | Val Acc: 0.9408 | Val F1: 0.9404 | Val Recall: 0.9408 | Val Precision: 0.9438
2025-03-19 12:32:07,624 - INFO - No improvement for 2 epochs
2025-03-19 12:32:11,859 - INFO - Epoch 9/50 | Train Loss: 17.1932 | Val Loss: 0.8362 | Val Acc: 0.9408 | Val F1: 0.9401 | Val Recall: 0.9408 | Val Precision: 0.9415
2025-03-19 12:32:11,861 - INFO - Validation loss decreased to 0.8362. Saving model...
2025-03-19 12:32:15,509 - INFO - Epoch 10/50 | Train Loss: 16.4936 | Val Loss: 0.8550 | Val Acc: 0.9605 | Val F1: 0.9596 | Val Recall: 0.9605 | Val Precision: 0.9622
2025-03-19 12:32:15,511 - INFO - No improvement for 1 epochs
2025-03-19 12:32:19,143 - INFO - Epoch 11/50 | Train Loss: 14.3091 | Val Loss: 0.8426 | Val Acc: 0.9474 | Val F1: 0.9455 | Val Recall: 0.9474 | Val Precision: 0.9510
2025-03-19 12:32:19,144 - INFO - No improvement for 2 epochs
2025-03-19 12:32:22,729 - INFO - Epoch 12/50 | Train Loss: 14.4260 | Val Loss: 0.7325 | Val Acc: 0.9605 | Val F1: 0.9598 | Val Recall: 0.9605 | Val Precision: 0.9609
2025-03-19 12:32:22,730 - INFO - Validation loss decreased to 0.7325. Saving model...
2025-03-19 12:32:26,372 - INFO - Epoch 13/50 | Train Loss: 14.2894 | Val Loss: 0.8122 | Val Acc: 0.9474 | Val F1: 0.9464 | Val Recall: 0.9474 | Val Precision: 0.9472
2025-03-19 12:32:26,373 - INFO - No improvement for 1 epochs
2025-03-19 12:32:30,051 - INFO - Epoch 14/50 | Train Loss: 12.6348 | Val Loss: 0.9625 | Val Acc: 0.9342 | Val F1: 0.9326 | Val Recall: 0.9342 | Val Precision: 0.9385
2025-03-19 12:32:30,052 - INFO - No improvement for 2 epochs
2025-03-19 12:32:33,666 - INFO - Epoch 15/50 | Train Loss: 11.7476 | Val Loss: 0.7091 | Val Acc: 0.9539 | Val F1: 0.9535 | Val Recall: 0.9539 | Val Precision: 0.9551
2025-03-19 12:32:33,668 - INFO - Validation loss decreased to 0.7091. Saving model...
2025-03-19 12:32:37,237 - INFO - Epoch 16/50 | Train Loss: 10.9630 | Val Loss: 0.9308 | Val Acc: 0.9474 | Val F1: 0.9455 | Val Recall: 0.9474 | Val Precision: 0.9510
2025-03-19 12:32:37,238 - INFO - No improvement for 1 epochs
2025-03-19 12:32:40,898 - INFO - Epoch 17/50 | Train Loss: 11.1055 | Val Loss: 0.7043 | Val Acc: 0.9539 | Val F1: 0.9532 | Val Recall: 0.9539 | Val Precision: 0.9538
2025-03-19 12:32:40,900 - INFO - Validation loss decreased to 0.7043. Saving model...
2025-03-19 12:32:44,462 - INFO - Epoch 18/50 | Train Loss: 9.7369 | Val Loss: 0.7189 | Val Acc: 0.9671 | Val F1: 0.9665 | Val Recall: 0.9671 | Val Precision: 0.9684
2025-03-19 12:32:44,464 - INFO - No improvement for 1 epochs
2025-03-19 12:32:47,836 - INFO - Epoch 19/50 | Train Loss: 9.6508 | Val Loss: 0.8120 | Val Acc: 0.9539 | Val F1: 0.9526 | Val Recall: 0.9539 | Val Precision: 0.9564
2025-03-19 12:32:47,837 - INFO - No improvement for 2 epochs
2025-03-19 12:32:51,133 - INFO - Epoch 20/50 | Train Loss: 8.4038 | Val Loss: 0.7612 | Val Acc: 0.9539 | Val F1: 0.9535 | Val Recall: 0.9539 | Val Precision: 0.9551
2025-03-19 12:32:51,134 - INFO - No improvement for 3 epochs
2025-03-19 12:32:54,601 - INFO - Epoch 21/50 | Train Loss: 9.1111 | Val Loss: 0.9005 | Val Acc: 0.9539 | Val F1: 0.9529 | Val Recall: 0.9539 | Val Precision: 0.9542
2025-03-19 12:32:54,602 - INFO - No improvement for 4 epochs
2025-03-19 12:32:58,153 - INFO - Epoch 22/50 | Train Loss: 8.8951 | Val Loss: 0.7880 | Val Acc: 0.9539 | Val F1: 0.9526 | Val Recall: 0.9539 | Val Precision: 0.9564
2025-03-19 12:32:58,154 - INFO - No improvement for 5 epochs
2025-03-19 12:33:01,705 - INFO - Epoch 23/50 | Train Loss: 8.1364 | Val Loss: 0.6643 | Val Acc: 0.9539 | Val F1: 0.9529 | Val Recall: 0.9539 | Val Precision: 0.9542
2025-03-19 12:33:01,706 - INFO - Validation loss decreased to 0.6643. Saving model...
2025-03-19 12:33:05,256 - INFO - Epoch 24/50 | Train Loss: 7.9176 | Val Loss: 0.7501 | Val Acc: 0.9474 | Val F1: 0.9464 | Val Recall: 0.9474 | Val Precision: 0.9472
2025-03-19 12:33:05,257 - INFO - No improvement for 1 epochs
2025-03-19 12:33:08,743 - INFO - Epoch 25/50 | Train Loss: 7.4040 | Val Loss: 0.6506 | Val Acc: 0.9671 | Val F1: 0.9668 | Val Recall: 0.9671 | Val Precision: 0.9674
2025-03-19 12:33:08,744 - INFO - Validation loss decreased to 0.6506. Saving model...
2025-03-19 12:33:12,247 - INFO - Epoch 26/50 | Train Loss: 6.1869 | Val Loss: 0.7529 | Val Acc: 0.9605 | Val F1: 0.9598 | Val Recall: 0.9605 | Val Precision: 0.9609
2025-03-19 12:33:12,249 - INFO - No improvement for 1 epochs
2025-03-19 12:33:15,850 - INFO - Epoch 27/50 | Train Loss: 6.5158 | Val Loss: 0.6755 | Val Acc: 0.9539 | Val F1: 0.9531 | Val Recall: 0.9539 | Val Precision: 0.9538
2025-03-19 12:33:15,851 - INFO - No improvement for 2 epochs
2025-03-19 12:33:19,497 - INFO - Epoch 28/50 | Train Loss: 5.6541 | Val Loss: 0.8336 | Val Acc: 0.9539 | Val F1: 0.9532 | Val Recall: 0.9539 | Val Precision: 0.9538
2025-03-19 12:33:19,499 - INFO - No improvement for 3 epochs
2025-03-19 12:33:23,241 - INFO - Epoch 29/50 | Train Loss: 6.5671 | Val Loss: 0.8136 | Val Acc: 0.9539 | Val F1: 0.9529 | Val Recall: 0.9539 | Val Precision: 0.9542
2025-03-19 12:33:23,243 - INFO - No improvement for 4 epochs
2025-03-19 12:33:26,902 - INFO - Epoch 30/50 | Train Loss: 5.6441 | Val Loss: 0.7328 | Val Acc: 0.9605 | Val F1: 0.9598 | Val Recall: 0.9605 | Val Precision: 0.9609
2025-03-19 12:33:26,904 - INFO - No improvement for 5 epochs
2025-03-19 12:33:30,601 - INFO - Epoch 31/50 | Train Loss: 4.8334 | Val Loss: 0.7821 | Val Acc: 0.9605 | Val F1: 0.9601 | Val Recall: 0.9605 | Val Precision: 0.9607
2025-03-19 12:33:30,603 - INFO - No improvement for 6 epochs
2025-03-19 12:33:34,128 - INFO - Epoch 32/50 | Train Loss: 4.7032 | Val Loss: 0.7601 | Val Acc: 0.9539 | Val F1: 0.9529 | Val Recall: 0.9539 | Val Precision: 0.9542
2025-03-19 12:33:34,131 - INFO - No improvement for 7 epochs
2025-03-19 12:33:37,608 - INFO - Epoch 33/50 | Train Loss: 4.5529 | Val Loss: 0.8470 | Val Acc: 0.9539 | Val F1: 0.9529 | Val Recall: 0.9539 | Val Precision: 0.9542
2025-03-19 12:33:37,610 - INFO - No improvement for 8 epochs
2025-03-19 12:33:41,225 - INFO - Epoch 34/50 | Train Loss: 3.9545 | Val Loss: 0.7158 | Val Acc: 0.9605 | Val F1: 0.9598 | Val Recall: 0.9605 | Val Precision: 0.9608
2025-03-19 12:33:41,226 - INFO - No improvement for 9 epochs
2025-03-19 12:33:44,906 - INFO - Epoch 35/50 | Train Loss: 3.4085 | Val Loss: 0.7178 | Val Acc: 0.9605 | Val F1: 0.9598 | Val Recall: 0.9605 | Val Precision: 0.9608
2025-03-19 12:33:44,908 - INFO - No improvement for 10 epochs
2025-03-19 12:33:44,909 - INFO - Early stopping triggered after 35 epochs
